<?xml version="1.0" encoding="UTF-8"?>
<!-- Generated by org.testng.reporters.JUnitReportReporter -->
<testsuite hostname="COOLLAPTOP" failures="0" tests="1" name="Salesforce_POM.Ten_Salesforce_POMTests" time="9.459" errors="0" timestamp="2024-10-25T21:58:27 EDT" skipped="0">
  <testcase classname="Salesforce_POM.Ten_Salesforce_POMTests" name="TC1" time="9.459"/>
</testsuite> <!-- Salesforce_POM.Ten_Salesforce_POMTests -->
